<?xml version="1.0" encoding="UTF-8"?>
<testsuite name="com.juht.calculator.CalculatorApplicationTests" tests="1" skipped="0" failures="0" errors="0" timestamp="2019-05-19T08:32:23" hostname="minseong-900X3L" time="0.762">
  <properties/>
  <testcase name="contextLoads" classname="com.juht.calculator.CalculatorApplicationTests" time="0.762"/>
  <system-out><![CDATA[17:32:15.398 [Test worker] DEBUG org.springframework.test.context.junit4.SpringJUnit4ClassRunner - SpringJUnit4ClassRunner constructor called with [class com.juht.calculator.CalculatorApplicationTests]
17:32:15.418 [Test worker] DEBUG org.springframework.test.context.BootstrapUtils - Instantiating CacheAwareContextLoaderDelegate from class [org.springframework.test.context.cache.DefaultCacheAwareContextLoaderDelegate]
17:32:15.446 [Test worker] DEBUG org.springframework.test.context.BootstrapUtils - Instantiating BootstrapContext using constructor [public org.springframework.test.context.support.DefaultBootstrapContext(java.lang.Class,org.springframework.test.context.CacheAwareContextLoaderDelegate)]
17:32:15.506 [Test worker] DEBUG org.springframework.test.context.BootstrapUtils - Instantiating TestContextBootstrapper for test class [com.juht.calculator.CalculatorApplicationTests] from class [org.springframework.boot.test.context.SpringBootTestContextBootstrapper]
17:32:15.535 [Test worker] INFO org.springframework.boot.test.context.SpringBootTestContextBootstrapper - Neither @ContextConfiguration nor @ContextHierarchy found for test class [com.juht.calculator.CalculatorApplicationTests], using SpringBootContextLoader
17:32:15.545 [Test worker] DEBUG org.springframework.test.context.support.AbstractContextLoader - Did not detect default resource location for test class [com.juht.calculator.CalculatorApplicationTests]: class path resource [com/juht/calculator/CalculatorApplicationTests-context.xml] does not exist
17:32:15.546 [Test worker] DEBUG org.springframework.test.context.support.AbstractContextLoader - Did not detect default resource location for test class [com.juht.calculator.CalculatorApplicationTests]: class path resource [com/juht/calculator/CalculatorApplicationTestsContext.groovy] does not exist
17:32:15.547 [Test worker] INFO org.springframework.test.context.support.AbstractContextLoader - Could not detect default resource locations for test class [com.juht.calculator.CalculatorApplicationTests]: no resource found for suffixes {-context.xml, Context.groovy}.
17:32:15.550 [Test worker] INFO org.springframework.test.context.support.AnnotationConfigContextLoaderUtils - Could not detect default configuration classes for test class [com.juht.calculator.CalculatorApplicationTests]: CalculatorApplicationTests does not declare any static, non-private, non-final, nested classes annotated with @Configuration.
17:32:15.687 [Test worker] DEBUG org.springframework.test.context.support.ActiveProfilesUtils - Could not find an 'annotation declaring class' for annotation type [org.springframework.test.context.ActiveProfiles] and class [com.juht.calculator.CalculatorApplicationTests]
17:32:15.870 [Test worker] DEBUG org.springframework.context.annotation.ClassPathScanningCandidateComponentProvider - Identified candidate component class: file [/home/minseong/projects/calculator2/build/classes/java/main/com/juht/calculator/CalculatorApplication.class]
17:32:15.883 [Test worker] INFO org.springframework.boot.test.context.SpringBootTestContextBootstrapper - Found @SpringBootConfiguration com.juht.calculator.CalculatorApplication for test class com.juht.calculator.CalculatorApplicationTests
17:32:16.122 [Test worker] DEBUG org.springframework.boot.test.context.SpringBootTestContextBootstrapper - @TestExecutionListeners is not present for class [com.juht.calculator.CalculatorApplicationTests]: using defaults.
17:32:16.124 [Test worker] INFO org.springframework.boot.test.context.SpringBootTestContextBootstrapper - Loaded default TestExecutionListener class names from location [META-INF/spring.factories]: [org.springframework.boot.test.autoconfigure.restdocs.RestDocsTestExecutionListener, org.springframework.boot.test.autoconfigure.web.client.MockRestServiceServerResetTestExecutionListener, org.springframework.boot.test.autoconfigure.web.servlet.MockMvcPrintOnlyOnFailureTestExecutionListener, org.springframework.boot.test.autoconfigure.web.servlet.WebDriverTestExecutionListener, org.springframework.boot.test.mock.mockito.MockitoTestExecutionListener, org.springframework.boot.test.mock.mockito.ResetMocksTestExecutionListener, org.springframework.test.context.web.ServletTestExecutionListener, org.springframework.test.context.support.DirtiesContextBeforeModesTestExecutionListener, org.springframework.test.context.support.DependencyInjectionTestExecutionListener, org.springframework.test.context.support.DirtiesContextTestExecutionListener, org.springframework.test.context.transaction.TransactionalTestExecutionListener, org.springframework.test.context.jdbc.SqlScriptsTestExecutionListener]
17:32:16.166 [Test worker] INFO org.springframework.boot.test.context.SpringBootTestContextBootstrapper - Using TestExecutionListeners: [org.springframework.test.context.web.ServletTestExecutionListener@f35a147, org.springframework.test.context.support.DirtiesContextBeforeModesTestExecutionListener@45de1d51, org.springframework.boot.test.mock.mockito.MockitoTestExecutionListener@56c87b3b, org.springframework.boot.test.autoconfigure.SpringBootDependencyInjectionTestExecutionListener@6a242888, org.springframework.test.context.support.DirtiesContextTestExecutionListener@48398312, org.springframework.test.context.transaction.TransactionalTestExecutionListener@7db82bd1, org.springframework.test.context.jdbc.SqlScriptsTestExecutionListener@68bc86fe, org.springframework.boot.test.autoconfigure.restdocs.RestDocsTestExecutionListener@23979309, org.springframework.boot.test.autoconfigure.web.client.MockRestServiceServerResetTestExecutionListener@2732b57a, org.springframework.boot.test.autoconfigure.web.servlet.MockMvcPrintOnlyOnFailureTestExecutionListener@1be8f4ee, org.springframework.boot.test.autoconfigure.web.servlet.WebDriverTestExecutionListener@176f0a1b, org.springframework.boot.test.mock.mockito.ResetMocksTestExecutionListener@87fdc24]
17:32:16.172 [Test worker] DEBUG org.springframework.test.annotation.ProfileValueUtils - Retrieved @ProfileValueSourceConfiguration [null] for test class [com.juht.calculator.CalculatorApplicationTests]
17:32:16.173 [Test worker] DEBUG org.springframework.test.annotation.ProfileValueUtils - Retrieved ProfileValueSource type [class org.springframework.test.annotation.SystemProfileValueSource] for class [com.juht.calculator.CalculatorApplicationTests]
17:32:16.175 [Test worker] DEBUG org.springframework.test.annotation.ProfileValueUtils - Retrieved @ProfileValueSourceConfiguration [null] for test class [com.juht.calculator.CalculatorApplicationTests]
17:32:16.176 [Test worker] DEBUG org.springframework.test.annotation.ProfileValueUtils - Retrieved ProfileValueSource type [class org.springframework.test.annotation.SystemProfileValueSource] for class [com.juht.calculator.CalculatorApplicationTests]
17:32:16.186 [Test worker] DEBUG org.springframework.test.context.support.AbstractDirtiesContextTestExecutionListener - Before test class: context [DefaultTestContext@7a109051 testClass = CalculatorApplicationTests, testInstance = [null], testMethod = [null], testException = [null], mergedContextConfiguration = [WebMergedContextConfiguration@7bf75e10 testClass = CalculatorApplicationTests, locations = '{}', classes = '{class com.juht.calculator.CalculatorApplication}', contextInitializerClasses = '[]', activeProfiles = '{}', propertySourceLocations = '{}', propertySourceProperties = '{org.springframework.boot.test.context.SpringBootTestContextBootstrapper=true}', contextCustomizers = set[org.springframework.boot.test.autoconfigure.properties.PropertyMappingContextCustomizer@0, org.springframework.boot.test.autoconfigure.web.servlet.WebDriverContextCustomizerFactory$Customizer@2470e8ee, org.springframework.boot.test.context.filter.ExcludeFilterContextCustomizer@18a33e92, org.springframework.boot.test.json.DuplicateJsonObjectContextCustomizerFactory$DuplicateJsonObjectContextCustomizer@37850bad, org.springframework.boot.test.mock.mockito.MockitoContextCustomizer@0, org.springframework.boot.test.web.client.TestRestTemplateContextCustomizer@75b67863], resourceBasePath = 'src/main/webapp', contextLoader = 'org.springframework.boot.test.context.SpringBootContextLoader', parent = [null]], attributes = map['org.springframework.test.context.web.ServletTestExecutionListener.activateListener' -> true]], class annotated with @DirtiesContext [false] with mode [null].
17:32:16.187 [Test worker] DEBUG org.springframework.test.annotation.ProfileValueUtils - Retrieved @ProfileValueSourceConfiguration [null] for test class [com.juht.calculator.CalculatorApplicationTests]
17:32:16.188 [Test worker] DEBUG org.springframework.test.annotation.ProfileValueUtils - Retrieved ProfileValueSource type [class org.springframework.test.annotation.SystemProfileValueSource] for class [com.juht.calculator.CalculatorApplicationTests]
17:32:16.237 [Test worker] DEBUG org.springframework.test.context.support.TestPropertySourceUtils - Adding inlined properties to environment: {spring.jmx.enabled=false, org.springframework.boot.test.context.SpringBootTestContextBootstrapper=true, server.port=-1}

  .   ____          _            __ _ _
 /\\ / ___'_ __ _ _(_)_ __  __ _ \ \ \ \
( ( )\___ | '_ | '_| | '_ \/ _` | \ \ \ \
 \\/  ___)| |_)| | | | | || (_| |  ) ) ) )
  '  |____| .__|_| |_|_| |_\__, | / / / /
 =========|_|==============|___/=/_/_/_/
 :: Spring Boot ::        (v2.1.4.RELEASE)

2019-05-19 17:32:17.018  INFO 8644 --- [    Test worker] c.j.c.CalculatorApplicationTests         : Starting CalculatorApplicationTests on minseong-900X3L with PID 8644 (started by minseong in /home/minseong/projects/calculator2)
2019-05-19 17:32:17.021  INFO 8644 --- [    Test worker] c.j.c.CalculatorApplicationTests         : No active profile set, falling back to default profiles: default
2019-05-19 17:32:18.959  INFO 8644 --- [    Test worker] .s.d.r.c.RepositoryConfigurationDelegate : Multiple Spring Data modules found, entering strict repository configuration mode!
2019-05-19 17:32:18.968  INFO 8644 --- [    Test worker] .s.d.r.c.RepositoryConfigurationDelegate : Bootstrapping Spring Data repositories in DEFAULT mode.
2019-05-19 17:32:19.070  INFO 8644 --- [    Test worker] .s.d.r.c.RepositoryConfigurationDelegate : Finished Spring Data repository scanning in 50ms. Found 0 repository interfaces.
2019-05-19 17:32:20.067  INFO 8644 --- [    Test worker] trationDelegate$BeanPostProcessorChecker : Bean 'cacheConfig' of type [com.juht.calculator.CacheConfig$$EnhancerBySpringCGLIB$$f40d39e] is not eligible for getting processed by all BeanPostProcessors (for example: not eligible for auto-proxying)
2019-05-19 17:32:22.181  INFO 8644 --- [    Test worker] o.s.s.concurrent.ThreadPoolTaskExecutor  : Initializing ExecutorService 'applicationTaskExecutor'
2019-05-19 17:32:23.360  INFO 8644 --- [    Test worker] c.j.c.CalculatorApplicationTests         : Started CalculatorApplicationTests in 7.099 seconds (JVM running for 9.495)
]]></system-out>
  <system-err><![CDATA[]]></system-err>
</testsuite>
